[0.376s] DEBUG:colcon:Command line arguments: ['/usr/bin/colcon', 'build', '--symlink-install']
[0.376s] DEBUG:colcon:Parsed command line arguments: Namespace(allow_overriding=[], ament_cmake_args=None, base_paths=['.'], build_base='build', catkin_cmake_args=None, catkin_skip_building_tests=False, cmake_args=None, cmake_clean_cache=False, cmake_clean_first=False, cmake_force_configure=False, cmake_target=None, cmake_target_skip_unavailable=False, continue_on_error=False, event_handlers=None, executor='parallel', ignore_user_meta=False, install_base='install', log_base=None, log_level=None, main=<bound method BuildVerb.main of <colcon_core.verb.build.BuildVerb object at 0x7fcffe7b76a0>>, merge_install=False, metas=['./colcon.meta'], packages_above=None, packages_above_and_dependencies=None, packages_above_depth=None, packages_end=None, packages_ignore=None, packages_ignore_regex=None, packages_select=None, packages_select_build_failed=False, packages_select_by_dep=None, packages_select_regex=None, packages_select_test_failures=False, packages_skip=None, packages_skip_build_finished=False, packages_skip_by_dep=None, packages_skip_regex=None, packages_skip_test_passed=False, packages_skip_up_to=None, packages_start=None, packages_up_to=None, packages_up_to_regex=None, parallel_workers=8, paths=None, symlink_install=True, test_result_base=None, verb_extension=<colcon_core.verb.build.BuildVerb object at 0x7fcffe7b76a0>, verb_name='build', verb_parser=<colcon_defaults.argument_parser.defaults.DefaultArgumentsDecorator object at 0x7fcffe7b7be0>)
[0.406s] Level 1:colcon.colcon_core.package_discovery:discover_packages(colcon_meta) check parameters
[0.407s] Level 1:colcon.colcon_core.package_discovery:discover_packages(recursive) check parameters
[0.407s] Level 1:colcon.colcon_core.package_discovery:discover_packages(ignore) check parameters
[0.407s] Level 1:colcon.colcon_core.package_discovery:discover_packages(path) check parameters
[0.407s] Level 1:colcon.colcon_core.package_discovery:discover_packages(colcon_meta) discover
[0.407s] Level 1:colcon.colcon_core.package_discovery:discover_packages(recursive) discover
[0.407s] INFO:colcon.colcon_core.package_discovery:Crawling recursively for packages in '/home/lav2000/ros2_ws/src/coffee_bot'
[0.407s] Level 1:colcon.colcon_core.package_identification:_identify(.) by extensions ['ignore', 'ignore_ament_install']
[0.407s] Level 1:colcon.colcon_core.package_identification:_identify(.) by extension 'ignore'
[0.407s] Level 1:colcon.colcon_core.package_identification:_identify(.) by extension 'ignore_ament_install'
[0.407s] Level 1:colcon.colcon_core.package_identification:_identify(.) by extensions ['colcon_pkg']
[0.407s] Level 1:colcon.colcon_core.package_identification:_identify(.) by extension 'colcon_pkg'
[0.407s] Level 1:colcon.colcon_core.package_identification:_identify(.) by extensions ['colcon_meta']
[0.407s] Level 1:colcon.colcon_core.package_identification:_identify(.) by extension 'colcon_meta'
[0.407s] Level 1:colcon.colcon_core.package_identification:_identify(.) by extensions ['ros']
[0.407s] Level 1:colcon.colcon_core.package_identification:_identify(.) by extension 'ros'
[0.434s] DEBUG:colcon.colcon_core.package_identification:Package '.' with type 'ros.ament_cmake' and name 'coffee_bot'
[0.434s] Level 1:colcon.colcon_core.package_discovery:discover_packages(recursive) using defaults
[0.434s] Level 1:colcon.colcon_core.package_discovery:discover_packages(ignore) discover
[0.434s] Level 1:colcon.colcon_core.package_discovery:discover_packages(ignore) using defaults
[0.434s] Level 1:colcon.colcon_core.package_discovery:discover_packages(path) discover
[0.434s] Level 1:colcon.colcon_core.package_discovery:discover_packages(path) using defaults
[0.460s] Level 1:colcon.colcon_core.package_discovery:discover_packages(prefix_path) check parameters
[0.460s] Level 1:colcon.colcon_core.package_discovery:discover_packages(prefix_path) discover
[0.464s] DEBUG:colcon.colcon_installed_package_information.package_discovery:Found 307 installed packages in /opt/ros/foxy
[0.466s] Level 1:colcon.colcon_core.package_discovery:discover_packages(prefix_path) using defaults
[0.551s] Level 5:colcon.colcon_core.verb:set package 'coffee_bot' build argument 'cmake_args' from command line to 'None'
[0.551s] Level 5:colcon.colcon_core.verb:set package 'coffee_bot' build argument 'cmake_target' from command line to 'None'
[0.551s] Level 5:colcon.colcon_core.verb:set package 'coffee_bot' build argument 'cmake_target_skip_unavailable' from command line to 'False'
[0.551s] Level 5:colcon.colcon_core.verb:set package 'coffee_bot' build argument 'cmake_clean_cache' from command line to 'False'
[0.551s] Level 5:colcon.colcon_core.verb:set package 'coffee_bot' build argument 'cmake_clean_first' from command line to 'False'
[0.551s] Level 5:colcon.colcon_core.verb:set package 'coffee_bot' build argument 'cmake_force_configure' from command line to 'False'
[0.551s] Level 5:colcon.colcon_core.verb:set package 'coffee_bot' build argument 'ament_cmake_args' from command line to 'None'
[0.551s] Level 5:colcon.colcon_core.verb:set package 'coffee_bot' build argument 'catkin_cmake_args' from command line to 'None'
[0.551s] Level 5:colcon.colcon_core.verb:set package 'coffee_bot' build argument 'catkin_skip_building_tests' from command line to 'False'
[0.552s] DEBUG:colcon.colcon_core.verb:Building package 'coffee_bot' with the following arguments: {'ament_cmake_args': None, 'build_base': '/home/lav2000/ros2_ws/src/coffee_bot/build/coffee_bot', 'catkin_cmake_args': None, 'catkin_skip_building_tests': False, 'cmake_args': None, 'cmake_clean_cache': False, 'cmake_clean_first': False, 'cmake_force_configure': False, 'cmake_target': None, 'cmake_target_skip_unavailable': False, 'install_base': '/home/lav2000/ros2_ws/src/coffee_bot/install/coffee_bot', 'merge_install': False, 'path': '/home/lav2000/ros2_ws/src/coffee_bot', 'symlink_install': True, 'test_result_base': None}
[0.552s] INFO:colcon.colcon_core.executor:Executing jobs using 'parallel' executor
[0.556s] DEBUG:colcon.colcon_parallel_executor.executor.parallel:run_until_complete
[0.556s] INFO:colcon.colcon_ros.task.ament_cmake.build:Building ROS package in '/home/lav2000/ros2_ws/src/coffee_bot' with build type 'ament_cmake'
[0.556s] INFO:colcon.colcon_cmake.task.cmake.build:Building CMake package in '/home/lav2000/ros2_ws/src/coffee_bot'
[0.562s] INFO:colcon.colcon_core.plugin_system:Skipping extension 'colcon_core.shell.bat': Not used on non-Windows systems
[0.562s] INFO:colcon.colcon_core.shell:Skip shell extension 'powershell' for command environment: Not usable outside of PowerShell
[0.562s] DEBUG:colcon.colcon_core.shell:Skip shell extension 'dsv' for command environment
[0.574s] DEBUG:colcon.colcon_core.event_handler.log_command:Invoking command in '/home/lav2000/ros2_ws/src/coffee_bot/build/coffee_bot': CMAKE_PREFIX_PATH=/opt/ros/foxy /usr/bin/cmake /home/lav2000/ros2_ws/src/coffee_bot -DAMENT_CMAKE_SYMLINK_INSTALL=1 -DCMAKE_INSTALL_PREFIX=/home/lav2000/ros2_ws/src/coffee_bot/install/coffee_bot
[2.377s] DEBUG:colcon.colcon_core.event_handler.log_command:Invoked command in '/home/lav2000/ros2_ws/src/coffee_bot/build/coffee_bot' returned '0': CMAKE_PREFIX_PATH=/opt/ros/foxy /usr/bin/cmake /home/lav2000/ros2_ws/src/coffee_bot -DAMENT_CMAKE_SYMLINK_INSTALL=1 -DCMAKE_INSTALL_PREFIX=/home/lav2000/ros2_ws/src/coffee_bot/install/coffee_bot
[2.381s] DEBUG:colcon.colcon_core.event_handler.log_command:Invoking command in '/home/lav2000/ros2_ws/src/coffee_bot/build/coffee_bot': CMAKE_PREFIX_PATH=/opt/ros/foxy /usr/bin/cmake --build /home/lav2000/ros2_ws/src/coffee_bot/build/coffee_bot -- -j8 -l8
[2.431s] DEBUG:colcon.colcon_core.event_handler.log_command:Invoked command in '/home/lav2000/ros2_ws/src/coffee_bot/build/coffee_bot' returned '0': CMAKE_PREFIX_PATH=/opt/ros/foxy /usr/bin/cmake --build /home/lav2000/ros2_ws/src/coffee_bot/build/coffee_bot -- -j8 -l8
[2.478s] DEBUG:colcon.colcon_core.event_handler.log_command:Invoking command in '/home/lav2000/ros2_ws/src/coffee_bot/build/coffee_bot': CMAKE_PREFIX_PATH=/opt/ros/foxy /usr/bin/cmake --install /home/lav2000/ros2_ws/src/coffee_bot/build/coffee_bot
[2.924s] Level 1:colcon.colcon_core.environment:create_environment_scripts_only(coffee_bot)
[2.928s] DEBUG:colcon.colcon_core.event_handler.log_command:Invoked command in '/home/lav2000/ros2_ws/src/coffee_bot/build/coffee_bot' returned '0': CMAKE_PREFIX_PATH=/opt/ros/foxy /usr/bin/cmake --install /home/lav2000/ros2_ws/src/coffee_bot/build/coffee_bot
[2.932s] Level 1:colcon.colcon_core.environment:checking '/home/lav2000/ros2_ws/src/coffee_bot/install/coffee_bot' for CMake module files
[2.933s] Level 1:colcon.colcon_core.environment:checking '/home/lav2000/ros2_ws/src/coffee_bot/install/coffee_bot' for CMake config files
[2.934s] Level 1:colcon.colcon_core.shell:create_environment_hook('coffee_bot', 'cmake_prefix_path')
[2.936s] INFO:colcon.colcon_core.shell:Creating environment hook '/home/lav2000/ros2_ws/src/coffee_bot/install/coffee_bot/share/coffee_bot/hook/cmake_prefix_path.ps1'
[2.937s] INFO:colcon.colcon_core.shell:Creating environment descriptor '/home/lav2000/ros2_ws/src/coffee_bot/install/coffee_bot/share/coffee_bot/hook/cmake_prefix_path.dsv'
[2.937s] INFO:colcon.colcon_core.shell:Creating environment hook '/home/lav2000/ros2_ws/src/coffee_bot/install/coffee_bot/share/coffee_bot/hook/cmake_prefix_path.sh'
[2.938s] Level 1:colcon.colcon_core.environment:checking '/home/lav2000/ros2_ws/src/coffee_bot/install/coffee_bot/bin'
[2.938s] Level 1:colcon.colcon_core.environment:checking '/home/lav2000/ros2_ws/src/coffee_bot/install/coffee_bot/lib/pkgconfig/coffee_bot.pc'
[2.938s] Level 1:colcon.colcon_core.environment:checking '/home/lav2000/ros2_ws/src/coffee_bot/install/coffee_bot/lib/python3.8/site-packages'
[2.939s] Level 1:colcon.colcon_core.environment:checking '/home/lav2000/ros2_ws/src/coffee_bot/install/coffee_bot/bin'
[2.940s] INFO:colcon.colcon_core.shell:Creating package script '/home/lav2000/ros2_ws/src/coffee_bot/install/coffee_bot/share/coffee_bot/package.ps1'
[2.941s] INFO:colcon.colcon_core.shell:Creating package descriptor '/home/lav2000/ros2_ws/src/coffee_bot/install/coffee_bot/share/coffee_bot/package.dsv'
[2.942s] INFO:colcon.colcon_core.shell:Creating package script '/home/lav2000/ros2_ws/src/coffee_bot/install/coffee_bot/share/coffee_bot/package.sh'
[2.943s] INFO:colcon.colcon_core.shell:Creating package script '/home/lav2000/ros2_ws/src/coffee_bot/install/coffee_bot/share/coffee_bot/package.bash'
[2.943s] INFO:colcon.colcon_core.shell:Creating package script '/home/lav2000/ros2_ws/src/coffee_bot/install/coffee_bot/share/coffee_bot/package.zsh'
[2.944s] Level 1:colcon.colcon_core.environment:create_file_with_runtime_dependencies(/home/lav2000/ros2_ws/src/coffee_bot/install/coffee_bot/share/colcon-core/packages/coffee_bot)
[2.974s] Level 1:colcon.colcon_core.environment:create_environment_scripts_only(coffee_bot)
[2.977s] Level 1:colcon.colcon_core.environment:checking '/home/lav2000/ros2_ws/src/coffee_bot/install/coffee_bot' for CMake module files
[2.978s] Level 1:colcon.colcon_core.environment:checking '/home/lav2000/ros2_ws/src/coffee_bot/install/coffee_bot' for CMake config files
[2.978s] Level 1:colcon.colcon_core.shell:create_environment_hook('coffee_bot', 'cmake_prefix_path')
[2.980s] INFO:colcon.colcon_core.shell:Creating environment hook '/home/lav2000/ros2_ws/src/coffee_bot/install/coffee_bot/share/coffee_bot/hook/cmake_prefix_path.ps1'
[2.981s] INFO:colcon.colcon_core.shell:Creating environment descriptor '/home/lav2000/ros2_ws/src/coffee_bot/install/coffee_bot/share/coffee_bot/hook/cmake_prefix_path.dsv'
[2.981s] INFO:colcon.colcon_core.shell:Creating environment hook '/home/lav2000/ros2_ws/src/coffee_bot/install/coffee_bot/share/coffee_bot/hook/cmake_prefix_path.sh'
[2.982s] Level 1:colcon.colcon_core.environment:checking '/home/lav2000/ros2_ws/src/coffee_bot/install/coffee_bot/bin'
[2.982s] Level 1:colcon.colcon_core.environment:checking '/home/lav2000/ros2_ws/src/coffee_bot/install/coffee_bot/lib/pkgconfig/coffee_bot.pc'
[2.983s] Level 1:colcon.colcon_core.environment:checking '/home/lav2000/ros2_ws/src/coffee_bot/install/coffee_bot/lib/python3.8/site-packages'
[2.983s] Level 1:colcon.colcon_core.environment:checking '/home/lav2000/ros2_ws/src/coffee_bot/install/coffee_bot/bin'
[2.987s] INFO:colcon.colcon_core.shell:Creating package script '/home/lav2000/ros2_ws/src/coffee_bot/install/coffee_bot/share/coffee_bot/package.ps1'
[2.987s] INFO:colcon.colcon_core.shell:Creating package descriptor '/home/lav2000/ros2_ws/src/coffee_bot/install/coffee_bot/share/coffee_bot/package.dsv'
[2.988s] INFO:colcon.colcon_core.shell:Creating package script '/home/lav2000/ros2_ws/src/coffee_bot/install/coffee_bot/share/coffee_bot/package.sh'
[2.989s] INFO:colcon.colcon_core.shell:Creating package script '/home/lav2000/ros2_ws/src/coffee_bot/install/coffee_bot/share/coffee_bot/package.bash'
[2.989s] INFO:colcon.colcon_core.shell:Creating package script '/home/lav2000/ros2_ws/src/coffee_bot/install/coffee_bot/share/coffee_bot/package.zsh'
[2.989s] Level 1:colcon.colcon_core.environment:create_file_with_runtime_dependencies(/home/lav2000/ros2_ws/src/coffee_bot/install/coffee_bot/share/colcon-core/packages/coffee_bot)
[2.990s] DEBUG:colcon.colcon_parallel_executor.executor.parallel:closing loop
[2.990s] DEBUG:colcon.colcon_parallel_executor.executor.parallel:loop closed
[2.990s] DEBUG:colcon.colcon_parallel_executor.executor.parallel:run_until_complete finished with '0'
[2.990s] DEBUG:colcon.colcon_core.event_reactor:joining thread
[2.998s] INFO:colcon.colcon_core.plugin_system:Skipping extension 'colcon_notification.desktop_notification.terminal_notifier': Not used on non-Darwin systems
[2.998s] INFO:colcon.colcon_core.plugin_system:Skipping extension 'colcon_notification.desktop_notification.win32': Not used on non-Windows systems
[2.999s] INFO:colcon.colcon_notification.desktop_notification:Sending desktop notification using 'notify2'
[3.018s] DEBUG:colcon.colcon_core.event_reactor:joined thread
[3.021s] INFO:colcon.colcon_core.shell:Creating prefix script '/home/lav2000/ros2_ws/src/coffee_bot/install/local_setup.ps1'
[3.023s] INFO:colcon.colcon_core.shell:Creating prefix util module '/home/lav2000/ros2_ws/src/coffee_bot/install/_local_setup_util_ps1.py'
[3.025s] INFO:colcon.colcon_core.shell:Creating prefix chain script '/home/lav2000/ros2_ws/src/coffee_bot/install/setup.ps1'
[3.027s] INFO:colcon.colcon_core.shell:Creating prefix script '/home/lav2000/ros2_ws/src/coffee_bot/install/local_setup.sh'
[3.027s] INFO:colcon.colcon_core.shell:Creating prefix util module '/home/lav2000/ros2_ws/src/coffee_bot/install/_local_setup_util_sh.py'
[3.028s] INFO:colcon.colcon_core.shell:Creating prefix chain script '/home/lav2000/ros2_ws/src/coffee_bot/install/setup.sh'
[3.029s] INFO:colcon.colcon_core.shell:Creating prefix script '/home/lav2000/ros2_ws/src/coffee_bot/install/local_setup.bash'
[3.030s] INFO:colcon.colcon_core.shell:Creating prefix chain script '/home/lav2000/ros2_ws/src/coffee_bot/install/setup.bash'
[3.031s] INFO:colcon.colcon_core.shell:Creating prefix script '/home/lav2000/ros2_ws/src/coffee_bot/install/local_setup.zsh'
[3.031s] INFO:colcon.colcon_core.shell:Creating prefix chain script '/home/lav2000/ros2_ws/src/coffee_bot/install/setup.zsh'
